The target system is: Emscripten - 1 - x86
The host system is: Darwin - 19.6.0 - x86_64
Determining if the function vorbis_bitrate_addblock exists in the vorbis passed with the following output:
Change Dir: /Users/lerg/ext/heaps/emscripten/hashlink-emscripten/CMakeFiles/CMakeTmp

Run Build Command(s):/usr/bin/make cmTC_936c3/fast && /Applications/Xcode.app/Contents/Developer/usr/bin/make  -f CMakeFiles/cmTC_936c3.dir/build.make CMakeFiles/cmTC_936c3.dir/build
Building C object CMakeFiles/cmTC_936c3.dir/CheckFunctionExists.c.o
/Users/lerg/ext/heaps/emsdk/upstream/emscripten/emcc   -O3 -DCHECK_FUNCTION_EXISTS=vorbis_bitrate_addblock -o CMakeFiles/cmTC_936c3.dir/CheckFunctionExists.c.o -c /usr/local/Cellar/cmake/3.19.2/share/cmake/Modules/CheckFunctionExists.c
Linking C executable cmTC_936c3.js
/usr/local/Cellar/cmake/3.19.2/bin/cmake -E cmake_link_script CMakeFiles/cmTC_936c3.dir/link.txt --verbose=1
/Users/lerg/ext/heaps/emsdk/upstream/emscripten/emcc  -O3 -DCHECK_FUNCTION_EXISTS=vorbis_bitrate_addblock @CMakeFiles/cmTC_936c3.dir/objects1.rsp -o cmTC_936c3.js @CMakeFiles/cmTC_936c3.dir/linklibs.rsp
wasm-ld: warning: function signature mismatch: vorbis_bitrate_addblock
>>> defined as () -> i32 in CMakeFiles/cmTC_936c3.dir/CheckFunctionExists.c.o
>>> defined as (i32) -> i32 in /Users/lerg/ext/heaps/emsdk/upstream/emscripten/cache/sysroot/lib/wasm32-emscripten/libvorbis.a(bitrate.c.o)



Performing C SOURCE FILE Test CMAKE_HAVE_LIBC_PTHREAD succeeded with the following output:
Change Dir: /Users/lerg/ext/heaps/emscripten/hashlink-emscripten/CMakeFiles/CMakeTmp

Run Build Command(s):/usr/bin/make cmTC_ecbc6/fast && /Applications/Xcode.app/Contents/Developer/usr/bin/make  -f CMakeFiles/cmTC_ecbc6.dir/build.make CMakeFiles/cmTC_ecbc6.dir/build
Building C object CMakeFiles/cmTC_ecbc6.dir/src.c.o
/Users/lerg/ext/heaps/emsdk/upstream/emscripten/emcc -DCMAKE_HAVE_LIBC_PTHREAD  -O3  -o CMakeFiles/cmTC_ecbc6.dir/src.c.o -c /Users/lerg/ext/heaps/emscripten/hashlink-emscripten/CMakeFiles/CMakeTmp/src.c
Linking C executable cmTC_ecbc6.js
/usr/local/Cellar/cmake/3.19.2/bin/cmake -E cmake_link_script CMakeFiles/cmTC_ecbc6.dir/link.txt --verbose=1
/Users/lerg/ext/heaps/emsdk/upstream/emscripten/emcc  -O3  @CMakeFiles/cmTC_ecbc6.dir/objects1.rsp -o cmTC_ecbc6.js 


Source file was:
#include <pthread.h>

static void* test_func(void* data)
{
  return data;
}

int main(void)
{
  pthread_t thread;
  pthread_create(&thread, NULL, test_func, NULL);
  pthread_detach(thread);
  pthread_cancel(thread);
  pthread_join(thread, NULL);
  pthread_atfork(NULL, NULL, NULL);
  pthread_exit(NULL);

  return 0;
}

